2024-11-26 13:49:22 Loading main app package /usr/lib/obsidian/obsidian.asar
2024-11-26 13:49:22 Checking for update using Github
2024-11-26 13:49:22 Success.
2024-11-26 13:49:22 Latest version is 1.7.7
2024-11-26 13:49:22 App is up to date.
2024-11-26 17:44:48 Loading main app package /usr/lib/obsidian/obsidian.asar
2024-11-26 17:44:48 Checking for update using Github
2024-11-26 17:44:49 Success.
2024-11-26 17:44:49 Latest version is 1.7.7
2024-11-26 17:44:49 App is up to date.
2024-11-26 17:48:10 Loading main app package /usr/lib/obsidian/obsidian.asar
2024-11-26 17:48:10 Checking for update using Github
2024-11-26 17:48:10 Success.
2024-11-26 17:48:10 Latest version is 1.7.7
2024-11-26 17:48:10 App is up to date.
2024-11-27 06:07:01 Loading main app package /usr/lib/obsidian/obsidian.asar
2024-11-27 06:07:02 Checking for update using Github
2024-11-27 06:07:02 Success.
2024-11-27 06:07:02 Latest version is 1.7.7
2024-11-27 06:07:02 App is up to date.
2024-11-27 06:07:57 Loading main app package /usr/lib/obsidian/obsidian.asar
2024-11-27 06:07:57 Checking for update using Github
2024-11-27 06:07:57 Success.
2024-11-27 06:07:57 Latest version is 1.7.7
2024-11-27 06:07:57 App is up to date.
2024-11-27 07:24:44 Loading main app package /usr/lib/obsidian/obsidian.asar
2024-11-27 07:24:44 Checking for update using Github
2024-11-27 07:24:45 Success.
2024-11-27 07:24:45 Latest version is 1.7.7
2024-11-27 07:24:45 App is up to date.
2024-11-27 09:12:51 Loading main app package /usr/lib/obsidian/obsidian.asar
2024-11-27 09:12:51 Checking for update using Github
2024-11-27 09:12:52 Success.
2024-11-27 09:12:52 Latest version is 1.7.7
2024-11-27 09:12:52 App is up to date.
2024-11-27 09:16:37 Loading main app package /usr/lib/obsidian/obsidian.asar
2024-11-27 09:16:37 Checking for update using Github
2024-11-27 09:16:37 Success.
2024-11-27 09:16:37 Latest version is 1.7.7
2024-11-27 09:16:37 App is up to date.
